This file contains any messages produced by compilers while
running configure, to aid debugging if configure makes a mistake.

It was created by configure, which was
generated by GNU Autoconf 2.59.  Invocation command line was

  $ ./configure 

## --------- ##
## Platform. ##
## --------- ##

hostname = gabrielle-HP-Z600-Workstation
uname -m = x86_64
uname -r = 3.8.0-19-generic
uname -s = Linux
uname -v = #29-Ubuntu SMP Wed Apr 17 18:16:28 UTC 2013

/usr/bin/uname -p = unknown
/bin/uname -X     = unknown

/bin/arch              = unknown
/usr/bin/arch -k       = unknown
/usr/convex/getsysinfo = unknown
hostinfo               = unknown
/bin/machine           = unknown
/usr/bin/oslevel       = unknown
/bin/universe          = unknown

PATH: /home/gabrielle/CodeSourcery/Sourcery_G++_Lite/bin
PATH: /home/gabrielle/gcc-arm-none-eabi-4_6-2012q2/bin
PATH: gcc-arm-none-eabi-4_6-2012q2/bin
PATH: /home/gabrielle/gcc-arm-none-eabi-4_6-2012q2/bin
PATH: /usr/lib/lightdm/lightdm
PATH: /usr/local/sbin
PATH: /usr/local/bin
PATH: /usr/sbin
PATH: /usr/bin
PATH: /sbin
PATH: /bin
PATH: /usr/games
PATH: /usr/local/games


## ----------- ##
## Core tests. ##
## ----------- ##

configure:1500: checking for gawk
configure:1516: found /usr/bin/gawk
configure:1526: result: gawk
configure:1537: checking version of the package
configure:1541: result: 0.5.3
configure:1732: checking for g++
configure:1748: found /usr/bin/g++
configure:1758: result: g++
configure:1774: checking for C++ compiler version
configure:1777: g++ --version </dev/null >&5
g++ (Ubuntu/Linaro 4.7.3-1ubuntu1) 4.7.3
Copyright (C) 2012 Free Software Foundation, Inc.
This is free software; see the source for copying conditions.  There is NO
warranty; not even for MERCHANTABILITY or FITNESS FOR A PARTICULAR PURPOSE.

configure:1780: $? = 0
configure:1782: g++ -v </dev/null >&5
Using built-in specs.
COLLECT_GCC=g++
COLLECT_LTO_WRAPPER=/usr/lib/gcc/x86_64-linux-gnu/4.7/lto-wrapper
Target: x86_64-linux-gnu
Configured with: ../src/configure -v --with-pkgversion='Ubuntu/Linaro 4.7.3-1ubuntu1' --with-bugurl=file:///usr/share/doc/gcc-4.7/README.Bugs --enable-languages=c,c++,go,fortran,objc,obj-c++ --prefix=/usr --program-suffix=-4.7 --enable-shared --enable-linker-build-id --libexecdir=/usr/lib --without-included-gettext --enable-threads=posix --with-gxx-include-dir=/usr/include/c++/4.7 --libdir=/usr/lib --enable-nls --with-sysroot=/ --enable-clocale=gnu --enable-libstdcxx-debug --enable-libstdcxx-time=yes --enable-gnu-unique-object --enable-plugin --with-system-zlib --enable-objc-gc --with-cloog --enable-cloog-backend=ppl --disable-cloog-version-check --disable-ppl-version-check --enable-multiarch --disable-werror --with-arch-32=i686 --with-abi=m64 --with-multilib-list=m32,m64,mx32 --with-tune=generic --enable-checking=release --build=x86_64-linux-gnu --host=x86_64-linux-gnu --target=x86_64-linux-gnu
Thread model: posix
gcc version 4.7.3 (Ubuntu/Linaro 4.7.3-1ubuntu1) 
configure:1785: $? = 0
configure:1787: g++ -V </dev/null >&5
g++: error: unrecognized command line option '-V'
g++: fatal error: no input files
compilation terminated.
configure:1790: $? = 4
configure:1813: checking for C++ compiler default output file name
configure:1816: g++    conftest.cc  >&5
configure:1819: $? = 0
configure:1865: result: a.out
configure:1870: checking whether the C++ compiler works
configure:1876: ./a.out
configure:1879: $? = 0
configure:1896: result: yes
configure:1903: checking whether we are cross compiling
configure:1905: result: no
configure:1908: checking for suffix of executables
configure:1910: g++ -o conftest    conftest.cc  >&5
configure:1913: $? = 0
configure:1938: result: 
configure:1944: checking for suffix of object files
configure:1965: g++ -c   conftest.cc >&5
configure:1968: $? = 0
configure:1990: result: o
configure:1994: checking whether we are using the GNU C++ compiler
configure:2018: g++ -c   conftest.cc >&5
configure:2024: $? = 0
configure:2027: test -z 			 || test ! -s conftest.err
configure:2030: $? = 0
configure:2033: test -s conftest.o
configure:2036: $? = 0
configure:2049: result: yes
configure:2055: checking whether g++ accepts -g
configure:2076: g++ -c -g  conftest.cc >&5
configure:2082: $? = 0
configure:2085: test -z 			 || test ! -s conftest.err
configure:2088: $? = 0
configure:2091: test -s conftest.o
configure:2094: $? = 0
configure:2105: result: yes
configure:2147: g++ -c -g -O2  conftest.cc >&5
configure:2153: $? = 0
configure:2156: test -z 			 || test ! -s conftest.err
configure:2159: $? = 0
configure:2162: test -s conftest.o
configure:2165: $? = 0
configure:2191: g++ -c -g -O2  conftest.cc >&5
conftest.cc: In function 'int main()':
conftest.cc:18:9: error: 'exit' was not declared in this scope
configure:2197: $? = 1
configure: failed program was:
| /* confdefs.h.  */
| 
| #define PACKAGE_NAME ""
| #define PACKAGE_TARNAME ""
| #define PACKAGE_VERSION ""
| #define PACKAGE_STRING ""
| #define PACKAGE_BUGREPORT ""
| #define VERSIONSTR "0.5.3"
| #define VERSIONHI 0
| #define VERSIONLO 5
| #define VERSIONP 3
| #define STATISTIC no
| /* end confdefs.h.  */
| 
| int
| main ()
| {
| exit (42);
|   ;
|   return 0;
| }
configure:2147: g++ -c -g -O2  conftest.cc >&5
conftest.cc:14:40: error: 'void std::exit(int)' should have been declared inside 'std'
configure:2153: $? = 1
configure: failed program was:
| /* confdefs.h.  */
| 
| #define PACKAGE_NAME ""
| #define PACKAGE_TARNAME ""
| #define PACKAGE_VERSION ""
| #define PACKAGE_STRING ""
| #define PACKAGE_BUGREPORT ""
| #define VERSIONSTR "0.5.3"
| #define VERSIONHI 0
| #define VERSIONLO 5
| #define VERSIONP 3
| #define STATISTIC no
| /* end confdefs.h.  */
| extern "C" void std::exit (int) throw (); using std::exit;
| #include <stdlib.h>
| int
| main ()
| {
| exit (42);
|   ;
|   return 0;
| }
configure:2147: g++ -c -g -O2  conftest.cc >&5
conftest.cc:14:31: error: 'void std::exit(int)' should have been declared inside 'std'
In file included from conftest.cc:15:0:
/usr/include/stdlib.h:542:70: error: declaration of 'void std::exit(int) throw ()' has a different exception specifier
conftest.cc:14:17: error: from previous declaration 'void std::exit(int)'
configure:2153: $? = 1
configure: failed program was:
| /* confdefs.h.  */
| 
| #define PACKAGE_NAME ""
| #define PACKAGE_TARNAME ""
| #define PACKAGE_VERSION ""
| #define PACKAGE_STRING ""
| #define PACKAGE_BUGREPORT ""
| #define VERSIONSTR "0.5.3"
| #define VERSIONHI 0
| #define VERSIONLO 5
| #define VERSIONP 3
| #define STATISTIC no
| /* end confdefs.h.  */
| extern "C" void std::exit (int); using std::exit;
| #include <stdlib.h>
| int
| main ()
| {
| exit (42);
|   ;
|   return 0;
| }
configure:2147: g++ -c -g -O2  conftest.cc >&5
configure:2153: $? = 0
configure:2156: test -z 			 || test ! -s conftest.err
configure:2159: $? = 0
configure:2162: test -s conftest.o
configure:2165: $? = 0
configure:2191: g++ -c -g -O2  conftest.cc >&5
configure:2197: $? = 0
configure:2200: test -z 			 || test ! -s conftest.err
configure:2203: $? = 0
configure:2206: test -s conftest.o
configure:2209: $? = 0
configure:2237: checking how to run the C++ preprocessor
configure:2268: g++ -E  conftest.cc
configure:2274: $? = 0
configure:2306: g++ -E  conftest.cc
conftest.cc:17:28: fatal error: ac_nonexistent.h: No such file or directory
compilation terminated.
configure:2312: $? = 1
configure: failed program was:
| /* confdefs.h.  */
| 
| #define PACKAGE_NAME ""
| #define PACKAGE_TARNAME ""
| #define PACKAGE_VERSION ""
| #define PACKAGE_STRING ""
| #define PACKAGE_BUGREPORT ""
| #define VERSIONSTR "0.5.3"
| #define VERSIONHI 0
| #define VERSIONLO 5
| #define VERSIONP 3
| #define STATISTIC no
| #ifdef __cplusplus
| extern "C" void exit (int) throw ();
| #endif
| /* end confdefs.h.  */
| #include <ac_nonexistent.h>
configure:2351: result: g++ -E
configure:2375: g++ -E  conftest.cc
configure:2381: $? = 0
configure:2413: g++ -E  conftest.cc
conftest.cc:17:28: fatal error: ac_nonexistent.h: No such file or directory
compilation terminated.
configure:2419: $? = 1
configure: failed program was:
| /* confdefs.h.  */
| 
| #define PACKAGE_NAME ""
| #define PACKAGE_TARNAME ""
| #define PACKAGE_VERSION ""
| #define PACKAGE_STRING ""
| #define PACKAGE_BUGREPORT ""
| #define VERSIONSTR "0.5.3"
| #define VERSIONHI 0
| #define VERSIONLO 5
| #define VERSIONP 3
| #define STATISTIC no
| #ifdef __cplusplus
| extern "C" void exit (int) throw ();
| #endif
| /* end confdefs.h.  */
| #include <ac_nonexistent.h>
configure:2500: checking for a BSD-compatible install
configure:2555: result: /usr/bin/install -c
configure:2607: checking for ranlib
configure:2623: found /usr/bin/ranlib
configure:2634: result: ranlib
configure:2649: checking for strip
configure:2665: found /usr/bin/strip
configure:2676: result: strip
configure:2757: checking build system type
configure:2775: result: x86_64-unknown-linux-gnu
configure:2783: checking host system type
configure:2797: result: x86_64-unknown-linux-gnu
configure:2851: checking for gcc
configure:2867: found /usr/bin/gcc
configure:2877: result: gcc
configure:3121: checking for C compiler version
configure:3124: gcc --version </dev/null >&5
gcc (Ubuntu/Linaro 4.7.3-1ubuntu1) 4.7.3
Copyright (C) 2012 Free Software Foundation, Inc.
This is free software; see the source for copying conditions.  There is NO
warranty; not even for MERCHANTABILITY or FITNESS FOR A PARTICULAR PURPOSE.

configure:3127: $? = 0
configure:3129: gcc -v </dev/null >&5
Using built-in specs.
COLLECT_GCC=gcc
COLLECT_LTO_WRAPPER=/usr/lib/gcc/x86_64-linux-gnu/4.7/lto-wrapper
Target: x86_64-linux-gnu
Configured with: ../src/configure -v --with-pkgversion='Ubuntu/Linaro 4.7.3-1ubuntu1' --with-bugurl=file:///usr/share/doc/gcc-4.7/README.Bugs --enable-languages=c,c++,go,fortran,objc,obj-c++ --prefix=/usr --program-suffix=-4.7 --enable-shared --enable-linker-build-id --libexecdir=/usr/lib --without-included-gettext --enable-threads=posix --with-gxx-include-dir=/usr/include/c++/4.7 --libdir=/usr/lib --enable-nls --with-sysroot=/ --enable-clocale=gnu --enable-libstdcxx-debug --enable-libstdcxx-time=yes --enable-gnu-unique-object --enable-plugin --with-system-zlib --enable-objc-gc --with-cloog --enable-cloog-backend=ppl --disable-cloog-version-check --disable-ppl-version-check --enable-multiarch --disable-werror --with-arch-32=i686 --with-abi=m64 --with-multilib-list=m32,m64,mx32 --with-tune=generic --enable-checking=release --build=x86_64-linux-gnu --host=x86_64-linux-gnu --target=x86_64-linux-gnu
Thread model: posix
gcc version 4.7.3 (Ubuntu/Linaro 4.7.3-1ubuntu1) 
configure:3132: $? = 0
configure:3134: gcc -V </dev/null >&5
gcc: error: unrecognized command line option '-V'
gcc: fatal error: no input files
compilation terminated.
configure:3137: $? = 4
configure:3140: checking whether we are using the GNU C compiler
configure:3164: gcc -c   conftest.c >&5
configure:3170: $? = 0
configure:3173: test -z 			 || test ! -s conftest.err
configure:3176: $? = 0
configure:3179: test -s conftest.o
configure:3182: $? = 0
configure:3195: result: yes
configure:3201: checking whether gcc accepts -g
configure:3222: gcc -c -g  conftest.c >&5
configure:3228: $? = 0
configure:3231: test -z 			 || test ! -s conftest.err
configure:3234: $? = 0
configure:3237: test -s conftest.o
configure:3240: $? = 0
configure:3251: result: yes
configure:3268: checking for gcc option to accept ANSI C
configure:3338: gcc  -c -g -O2  conftest.c >&5
configure:3344: $? = 0
configure:3347: test -z 			 || test ! -s conftest.err
configure:3350: $? = 0
configure:3353: test -s conftest.o
configure:3356: $? = 0
configure:3374: result: none needed
configure:3392: gcc -c -g -O2  conftest.c >&5
conftest.c:2:3: error: unknown type name 'choke'
conftest.c:2:3: error: expected '=', ',', ';', 'asm' or '__attribute__' at end of input
configure:3398: $? = 1
configure: failed program was:
| #ifndef __cplusplus
|   choke me
| #endif
configure:3550: checking for ld used by GCC
configure:3613: result: /usr/bin/ld
configure:3622: checking if the linker (/usr/bin/ld) is GNU ld
GNU gold (GNU Binutils for Ubuntu 2.23.2) 1.11
configure:3634: result: yes
configure:3639: checking for /usr/bin/ld option to reload object files
configure:3646: result: -r
configure:3651: checking for BSD-compatible nm
configure:3687: result: /usr/bin/nm -B
configure:3690: checking whether ln -s works
configure:3694: result: yes
configure:3701: checking how to recognise dependant libraries
configure:3879: result: file_magic ELF [0-9][0-9]*-bit [LM]SB (shared object|dynamic lib )
configure:3892: checking command to parse /usr/bin/nm -B output
configure:3973: gcc -c -g -O2  conftest.c >&5
configure:3976: $? = 0
configure:3980: /usr/bin/nm -B conftest.o \| sed -n -e 's/^.*[ 	]\([ABCDGISTW][ABCDGISTW]*\)[ 	][ 	]*\(\)\([_A-Za-z][_A-Za-z0-9]*\)$/\1 \2\3 \3/p' \> conftest.nm
configure:3983: $? = 0
configure:4035: gcc -o conftest -g -O2   conftest.c conftstm.o >&5
configure:4038: $? = 0
configure:4082: result: ok
configure:4091: checking how to run the C preprocessor
configure:4126: gcc -E  conftest.c
configure:4132: $? = 0
configure:4164: gcc -E  conftest.c
conftest.c:17:28: fatal error: ac_nonexistent.h: No such file or directory
compilation terminated.
configure:4170: $? = 1
configure: failed program was:
| /* confdefs.h.  */
| 
| #define PACKAGE_NAME ""
| #define PACKAGE_TARNAME ""
| #define PACKAGE_VERSION ""
| #define PACKAGE_STRING ""
| #define PACKAGE_BUGREPORT ""
| #define VERSIONSTR "0.5.3"
| #define VERSIONHI 0
| #define VERSIONLO 5
| #define VERSIONP 3
| #define STATISTIC no
| #ifdef __cplusplus
| extern "C" void exit (int) throw ();
| #endif
| /* end confdefs.h.  */
| #include <ac_nonexistent.h>
configure:4209: result: gcc -E
configure:4233: gcc -E  conftest.c
configure:4239: $? = 0
configure:4271: gcc -E  conftest.c
conftest.c:17:28: fatal error: ac_nonexistent.h: No such file or directory
compilation terminated.
configure:4277: $? = 1
configure: failed program was:
| /* confdefs.h.  */
| 
| #define PACKAGE_NAME ""
| #define PACKAGE_TARNAME ""
| #define PACKAGE_VERSION ""
| #define PACKAGE_STRING ""
| #define PACKAGE_BUGREPORT ""
| #define VERSIONSTR "0.5.3"
| #define VERSIONHI 0
| #define VERSIONLO 5
| #define VERSIONP 3
| #define STATISTIC no
| #ifdef __cplusplus
| extern "C" void exit (int) throw ();
| #endif
| /* end confdefs.h.  */
| #include <ac_nonexistent.h>
configure:4321: checking for egrep
configure:4331: result: grep -E
configure:4336: checking for ANSI C header files
configure:4361: gcc -c -g -O2  conftest.c >&5
configure:4367: $? = 0
configure:4370: test -z 			 || test ! -s conftest.err
configure:4373: $? = 0
configure:4376: test -s conftest.o
configure:4379: $? = 0
configure:4468: gcc -o conftest -g -O2   conftest.c  >&5
conftest.c: In function 'main':
conftest.c:34:7: warning: incompatible implicit declaration of built-in function 'exit' [enabled by default]
configure:4471: $? = 0
configure:4473: ./conftest
configure:4476: $? = 0
configure:4491: result: yes
configure:4515: checking for sys/types.h
configure:4531: gcc -c -g -O2  conftest.c >&5
configure:4537: $? = 0
configure:4540: test -z 			 || test ! -s conftest.err
configure:4543: $? = 0
configure:4546: test -s conftest.o
configure:4549: $? = 0
configure:4560: result: yes
configure:4515: checking for sys/stat.h
configure:4531: gcc -c -g -O2  conftest.c >&5
configure:4537: $? = 0
configure:4540: test -z 			 || test ! -s conftest.err
configure:4543: $? = 0
configure:4546: test -s conftest.o
configure:4549: $? = 0
configure:4560: result: yes
configure:4515: checking for stdlib.h
configure:4531: gcc -c -g -O2  conftest.c >&5
configure:4537: $? = 0
configure:4540: test -z 			 || test ! -s conftest.err
configure:4543: $? = 0
configure:4546: test -s conftest.o
configure:4549: $? = 0
configure:4560: result: yes
configure:4515: checking for string.h
configure:4531: gcc -c -g -O2  conftest.c >&5
configure:4537: $? = 0
configure:4540: test -z 			 || test ! -s conftest.err
configure:4543: $? = 0
configure:4546: test -s conftest.o
configure:4549: $? = 0
configure:4560: result: yes
configure:4515: checking for memory.h
configure:4531: gcc -c -g -O2  conftest.c >&5
configure:4537: $? = 0
configure:4540: test -z 			 || test ! -s conftest.err
configure:4543: $? = 0
configure:4546: test -s conftest.o
configure:4549: $? = 0
configure:4560: result: yes
configure:4515: checking for strings.h
configure:4531: gcc -c -g -O2  conftest.c >&5
configure:4537: $? = 0
configure:4540: test -z 			 || test ! -s conftest.err
configure:4543: $? = 0
configure:4546: test -s conftest.o
configure:4549: $? = 0
configure:4560: result: yes
configure:4515: checking for inttypes.h
configure:4531: gcc -c -g -O2  conftest.c >&5
configure:4537: $? = 0
configure:4540: test -z 			 || test ! -s conftest.err
configure:4543: $? = 0
configure:4546: test -s conftest.o
configure:4549: $? = 0
configure:4560: result: yes
configure:4515: checking for stdint.h
configure:4531: gcc -c -g -O2  conftest.c >&5
configure:4537: $? = 0
configure:4540: test -z 			 || test ! -s conftest.err
configure:4543: $? = 0
configure:4546: test -s conftest.o
configure:4549: $? = 0
configure:4560: result: yes
configure:4515: checking for unistd.h
configure:4531: gcc -c -g -O2  conftest.c >&5
configure:4537: $? = 0
configure:4540: test -z 			 || test ! -s conftest.err
configure:4543: $? = 0
configure:4546: test -s conftest.o
configure:4549: $? = 0
configure:4560: result: yes
configure:4586: checking dlfcn.h usability
configure:4598: gcc -c -g -O2  conftest.c >&5
configure:4604: $? = 0
configure:4607: test -z 			 || test ! -s conftest.err
configure:4610: $? = 0
configure:4613: test -s conftest.o
configure:4616: $? = 0
configure:4626: result: yes
configure:4630: checking dlfcn.h presence
configure:4640: gcc -E  conftest.c
configure:4646: $? = 0
configure:4666: result: yes
configure:4701: checking for dlfcn.h
configure:4708: result: yes
configure:4729: checking for file
configure:4784: result: /usr/bin/file
configure:4905: checking for ranlib
configure:4932: result: ranlib
configure:5233: checking for objdir
configure:5244: result: .libs
configure:5265: checking for gcc option to produce PIC
configure:5415: result: -fPIC
configure:5419: checking if gcc PIC flag -fPIC works
configure:5442: gcc -c -g -O2 -fPIC -DPIC  conftest.c >&5
configure:5448: $? = 0
configure:5451: test -z 			 || test ! -s conftest.err
configure:5454: $? = 0
configure:5457: test -s conftest.o
configure:5460: $? = 0
configure:5498: result: yes
configure:5518: checking if gcc static flag -static works
configure:5542: gcc -o conftest -g -O2   -static conftest.c  >&5
configure:5548: $? = 0
configure:5551: test -z 			 || test ! -s conftest.err
configure:5554: $? = 0
configure:5557: test -s conftest
configure:5560: $? = 0
configure:5577: result: yes
configure:5593: checking if gcc supports -c -o file.o
configure:5613: gcc -c -g -O2 -o out/conftest2.o  conftest.c >&5
configure:5637: result: yes
configure:5642: checking if gcc supports -c -o file.lo
configure:5669: gcc -c -g -O2 -c -o conftest.lo  conftest.c >&5
configure:5675: $? = 0
configure:5678: test -z 			 || test ! -s conftest.err
configure:5681: $? = 0
configure:5684: test -s conftest.lo
configure:5687: $? = 0
configure:5709: result: yes
configure:5748: checking if gcc supports -fno-rtti -fno-exceptions
configure:5770: gcc -c -g -O2 -fno-rtti -fno-exceptions -c conftest.c  conftest.c >&5
cc1: warning: command line option '-fno-rtti' is valid for C++/ObjC++ but not for C [enabled by default]
cc1: warning: command line option '-fno-rtti' is valid for C++/ObjC++ but not for C [enabled by default]
configure:5776: $? = 0
configure:5779: test -z 			 || test ! -s conftest.err
configure:5782: $? = 0
configure:5785: test -s conftest.o
configure:5788: $? = 0
configure:5805: result: no
configure:5820: checking whether the linker (/usr/bin/ld) supports shared libraries
configure:6501: result: yes
configure:6510: checking how to hardcode library paths into programs
configure:6534: result: immediate
configure:6543: checking whether stripping libraries is possible
configure:6548: result: yes
configure:6563: checking dynamic linker characteristics
configure:6959: result: GNU/Linux ld.so
configure:6968: checking if libtool supports shared libraries
configure:6970: result: yes
configure:6977: checking whether to build shared libraries
configure:6998: result: yes
configure:7005: checking whether to build static libraries
configure:7009: result: yes
configure:7757: checking whether -lc should be explicitly linked in
configure:7765: gcc -c -g -O2  conftest.c >&5
configure:7768: $? = 0
configure:7782: gcc -shared conftest.o  -v -Wl,-soname -Wl,conftest -o conftest 2\>\&1 \| grep  -lc  \>/dev/null 2\>\&1
configure:7785: $? = 0
configure:7798: result: no
configure:8380: checking for flex
configure:8396: found /usr/bin/flex
configure:8406: result: flex
configure:8419: checking for yywrap in -lfl
configure:8449: gcc -o conftest -g -O2   conftest.c -lfl   >&5
configure:8455: $? = 0
configure:8458: test -z 			 || test ! -s conftest.err
configure:8461: $? = 0
configure:8464: test -s conftest
configure:8467: $? = 0
configure:8480: result: yes
configure:8557: checking lex output file root
configure:8568: flex conftest.l
configure:8571: $? = 0
configure:8583: result: lex.yy
configure:8588: checking whether yytext is a pointer
configure:8604: gcc -o conftest -g -O2   conftest.c  -lfl >&5
configure:8610: $? = 0
configure:8613: test -z 			 || test ! -s conftest.err
configure:8616: $? = 0
configure:8619: test -s conftest
configure:8622: $? = 0
configure:8636: result: yes
configure:8657: checking for bison
configure:8673: found /usr/bin/bison
configure:8683: result: bison -y
configure:8696: checking for bison++
configure:8723: result: :
configure:8748: checking for ANSI C header files
configure:8903: result: yes
configure:8927: checking getopt.h usability
configure:8939: g++ -c -g -O2  conftest.cc >&5
configure:8945: $? = 0
configure:8948: test -z 			 || test ! -s conftest.err
configure:8951: $? = 0
configure:8954: test -s conftest.o
configure:8957: $? = 0
configure:8967: result: yes
configure:8971: checking getopt.h presence
configure:8981: g++ -E  conftest.cc
configure:8987: $? = 0
configure:9007: result: yes
configure:9042: checking for getopt.h
configure:9049: result: yes
configure:9067: checking for unistd.h
configure:9072: result: yes
configure:9221: checking sys/socket.h usability
configure:9233: g++ -c -g -O2  conftest.cc >&5
configure:9239: $? = 0
configure:9242: test -z 			 || test ! -s conftest.err
configure:9245: $? = 0
configure:9248: test -s conftest.o
configure:9251: $? = 0
configure:9261: result: yes
configure:9265: checking sys/socket.h presence
configure:9275: g++ -E  conftest.cc
configure:9281: $? = 0
configure:9301: result: yes
configure:9336: checking for sys/socket.h
configure:9343: result: yes
configure:9384: checking for dlfcn.h
configure:9389: result: yes
configure:9529: checking for dirent.h that defines DIR
configure:9553: g++ -c -g -O2  conftest.cc >&5
configure:9559: $? = 0
configure:9562: test -z 			 || test ! -s conftest.err
configure:9565: $? = 0
configure:9568: test -s conftest.o
configure:9571: $? = 0
configure:9582: result: yes
configure:9595: checking for library containing opendir
configure:9625: g++ -o conftest -g -O2   conftest.cc  >&5
configure:9631: $? = 0
configure:9634: test -z 			 || test ! -s conftest.err
configure:9637: $? = 0
configure:9640: test -s conftest
configure:9643: $? = 0
configure:9712: result: none required
configure:9849: checking which header file defines FD_ macros
configure:9910: result: <sys/types.h>
configure:9972: checking for socket in -lsocket
configure:10002: g++ -o conftest -g -O2   conftest.cc -lsocket   >&5
conftest.cc:39:0: warning: "FD_HEADER_OK" redefined [enabled by default]
conftest.cc:36:0: note: this is the location of the previous definition
/usr/bin/ld: error: cannot find -lsocket
collect2: error: ld returned 1 exit status
configure:10008: $? = 1
configure: failed program was:
| /* confdefs.h.  */
| 
| #define PACKAGE_NAME ""
| #define PACKAGE_TARNAME ""
| #define PACKAGE_VERSION ""
| #define PACKAGE_STRING ""
| #define PACKAGE_BUGREPORT ""
| #define VERSIONSTR "0.5.3"
| #define VERSIONHI 0
| #define VERSIONLO 5
| #define VERSIONP 3
| #define STATISTIC no
| #ifdef __cplusplus
| extern "C" void exit (int) throw ();
| #endif
| #define STDC_HEADERS 1
| #define HAVE_SYS_TYPES_H 1
| #define HAVE_SYS_STAT_H 1
| #define HAVE_STDLIB_H 1
| #define HAVE_STRING_H 1
| #define HAVE_MEMORY_H 1
| #define HAVE_STRINGS_H 1
| #define HAVE_INTTYPES_H 1
| #define HAVE_STDINT_H 1
| #define HAVE_UNISTD_H 1
| #define HAVE_DLFCN_H 1
| #define YYTEXT_POINTER 1
| #define HAVE_FLEX 1
| #define STDC_HEADERS 1
| #define HAVE_GETOPT_H 1
| #define HAVE_UNISTD_H 1
| #define SOCKET_AVAIL 1
| #define HAVE_SYS_SOCKET_H 1
| #define SOCKLEN_T socklen_t
| #define HAVE_DIRENT_H 1
| #define FD_HEADER_OK 0
| #define FD_NEED_TIME_H 0
| #define FD_NEED_TYPES_H 1
| #define FD_HEADER_OK 1
| #define FD_NEED_SELECT_H 0
| #define HEADER_FD <sys/types.h>
| /* end confdefs.h.  */
| 
| /* Override any gcc2 internal prototype to avoid an error.  */
| #ifdef __cplusplus
| extern "C"
| #endif
| /* We use char because int might match the return type of a gcc2
|    builtin and then its argument prototype would still apply.  */
| char socket ();
| int
| main ()
| {
| socket ();
|   ;
|   return 0;
| }
configure:10033: result: no
configure:10045: checking for xdr_short in -lnsl
configure:10075: g++ -o conftest -g -O2   conftest.cc -lnsl   >&5
conftest.cc:39:0: warning: "FD_HEADER_OK" redefined [enabled by default]
conftest.cc:36:0: note: this is the location of the previous definition
configure:10081: $? = 0
configure:10084: test -z 			 || test ! -s conftest.err
configure:10087: $? = 0
configure:10090: test -s conftest
configure:10093: $? = 0
configure:10106: result: yes
configure:10117: checking for dlopen in -ldl
configure:10147: g++ -o conftest -g -O2   conftest.cc -ldl  -lnsl  >&5
conftest.cc:39:0: warning: "FD_HEADER_OK" redefined [enabled by default]
conftest.cc:36:0: note: this is the location of the previous definition
configure:10153: $? = 0
configure:10156: test -z 			 || test ! -s conftest.err
configure:10159: $? = 0
configure:10162: test -s conftest
configure:10165: $? = 0
configure:10178: result: yes
configure:10190: checking for panel_above in -lpanel
configure:10220: g++ -o conftest -g -O2   conftest.cc -lpanel -lcurses -lnsl  >&5
conftest.cc:39:0: warning: "FD_HEADER_OK" redefined [enabled by default]
conftest.cc:36:0: note: this is the location of the previous definition
configure:10226: $? = 0
configure:10229: test -z 			 || test ! -s conftest.err
configure:10232: $? = 0
configure:10235: test -s conftest
configure:10238: $? = 0
configure:10251: result: yes
configure:10342: checking for vprintf
configure:10399: g++ -o conftest -g -O2   conftest.cc -lnsl  >&5
conftest.cc:39:0: warning: "FD_HEADER_OK" redefined [enabled by default]
conftest.cc:36:0: note: this is the location of the previous definition
configure:10405: $? = 0
configure:10408: test -z 			 || test ! -s conftest.err
configure:10411: $? = 0
configure:10414: test -s conftest
configure:10417: $? = 0
configure:10429: result: yes
configure:10436: checking for _doprnt
configure:10493: g++ -o conftest -g -O2   conftest.cc -lnsl  >&5
conftest.cc:39:0: warning: "FD_HEADER_OK" redefined [enabled by default]
conftest.cc:36:0: note: this is the location of the previous definition
/tmp/cc8x0ycZ.o:conftest.cc:function f: error: undefined reference to '_doprnt'
conftest.cc:85: error: undefined reference to '_doprnt'
collect2: error: ld returned 1 exit status
configure:10499: $? = 1
configure: failed program was:
| /* confdefs.h.  */
| 
| #define PACKAGE_NAME ""
| #define PACKAGE_TARNAME ""
| #define PACKAGE_VERSION ""
| #define PACKAGE_STRING ""
| #define PACKAGE_BUGREPORT ""
| #define VERSIONSTR "0.5.3"
| #define VERSIONHI 0
| #define VERSIONLO 5
| #define VERSIONP 3
| #define STATISTIC no
| #ifdef __cplusplus
| extern "C" void exit (int) throw ();
| #endif
| #define STDC_HEADERS 1
| #define HAVE_SYS_TYPES_H 1
| #define HAVE_SYS_STAT_H 1
| #define HAVE_STDLIB_H 1
| #define HAVE_STRING_H 1
| #define HAVE_MEMORY_H 1
| #define HAVE_STRINGS_H 1
| #define HAVE_INTTYPES_H 1
| #define HAVE_STDINT_H 1
| #define HAVE_UNISTD_H 1
| #define HAVE_DLFCN_H 1
| #define YYTEXT_POINTER 1
| #define HAVE_FLEX 1
| #define STDC_HEADERS 1
| #define HAVE_GETOPT_H 1
| #define HAVE_UNISTD_H 1
| #define SOCKET_AVAIL 1
| #define HAVE_SYS_SOCKET_H 1
| #define SOCKLEN_T socklen_t
| #define HAVE_DIRENT_H 1
| #define FD_HEADER_OK 0
| #define FD_NEED_TIME_H 0
| #define FD_NEED_TYPES_H 1
| #define FD_HEADER_OK 1
| #define FD_NEED_SELECT_H 0
| #define HEADER_FD <sys/types.h>
| #define HAVE_LIBNSL 1
| #define HAVE_VPRINTF 1
| /* end confdefs.h.  */
| /* Define _doprnt to an innocuous variant, in case <limits.h> declares _doprnt.
|    For example, HP-UX 11i <limits.h> declares gettimeofday.  */
| #define _doprnt innocuous__doprnt
| 
| /* System header to define __stub macros and hopefully few prototypes,
|     which can conflict with char _doprnt (); below.
|     Prefer <limits.h> to <assert.h> if __STDC__ is defined, since
|     <limits.h> exists even on freestanding compilers.  */
| 
| #ifdef __STDC__
| # include <limits.h>
| #else
| # include <assert.h>
| #endif
| 
| #undef _doprnt
| 
| /* Override any gcc2 internal prototype to avoid an error.  */
| #ifdef __cplusplus
| extern "C"
| {
| #endif
| /* We use char because int might match the return type of a gcc2
|    builtin and then its argument prototype would still apply.  */
| char _doprnt ();
| /* The GNU C library defines this for functions which it implements
|     to always fail with ENOSYS.  Some functions are actually named
|     something starting with __ and the normal name is an alias.  */
| #if defined (__stub__doprnt) || defined (__stub____doprnt)
| choke me
| #else
| char (*f) () = _doprnt;
| #endif
| #ifdef __cplusplus
| }
| #endif
| 
| int
| main ()
| {
| return f != _doprnt;
|   ;
|   return 0;
| }
configure:10523: result: no
configure:10541: checking for vsnprintf
configure:10598: g++ -o conftest -g -O2   conftest.cc -lnsl  >&5
conftest.cc:39:0: warning: "FD_HEADER_OK" redefined [enabled by default]
conftest.cc:36:0: note: this is the location of the previous definition
configure:10604: $? = 0
configure:10607: test -z 			 || test ! -s conftest.err
configure:10610: $? = 0
configure:10613: test -s conftest
configure:10616: $? = 0
configure:10628: result: yes
configure:10642: checking for vasprintf
configure:10699: g++ -o conftest -g -O2   conftest.cc -lnsl  >&5
conftest.cc:39:0: warning: "FD_HEADER_OK" redefined [enabled by default]
conftest.cc:36:0: note: this is the location of the previous definition
configure:10705: $? = 0
configure:10708: test -z 			 || test ! -s conftest.err
configure:10711: $? = 0
configure:10714: test -s conftest
configure:10717: $? = 0
configure:10729: result: yes
configure:10750: checking for strlen
configure:10807: g++ -o conftest -g -O2   conftest.cc -lnsl  >&5
conftest.cc:39:0: warning: "FD_HEADER_OK" redefined [enabled by default]
conftest.cc:36:0: note: this is the location of the previous definition
configure:10813: $? = 0
configure:10816: test -z 			 || test ! -s conftest.err
configure:10819: $? = 0
configure:10822: test -s conftest
configure:10825: $? = 0
configure:10837: result: yes
configure:10750: checking for strcpy
configure:10807: g++ -o conftest -g -O2   conftest.cc -lnsl  >&5
conftest.cc:39:0: warning: "FD_HEADER_OK" redefined [enabled by default]
conftest.cc:36:0: note: this is the location of the previous definition
configure:10813: $? = 0
configure:10816: test -z 			 || test ! -s conftest.err
configure:10819: $? = 0
configure:10822: test -s conftest
configure:10825: $? = 0
configure:10837: result: yes
configure:10750: checking for strcat
configure:10807: g++ -o conftest -g -O2   conftest.cc -lnsl  >&5
conftest.cc:39:0: warning: "FD_HEADER_OK" redefined [enabled by default]
conftest.cc:36:0: note: this is the location of the previous definition
configure:10813: $? = 0
configure:10816: test -z 			 || test ! -s conftest.err
configure:10819: $? = 0
configure:10822: test -s conftest
configure:10825: $? = 0
configure:10837: result: yes
configure:10750: checking for strstr
configure:10807: g++ -o conftest -g -O2   conftest.cc -lnsl  >&5
conftest.cc:39:0: warning: "FD_HEADER_OK" redefined [enabled by default]
conftest.cc:36:0: note: this is the location of the previous definition
configure:10813: $? = 0
configure:10816: test -z 			 || test ! -s conftest.err
configure:10819: $? = 0
configure:10822: test -s conftest
configure:10825: $? = 0
configure:10837: result: yes
configure:10750: checking for strcmp
configure:10807: g++ -o conftest -g -O2   conftest.cc -lnsl  >&5
conftest.cc:39:0: warning: "FD_HEADER_OK" redefined [enabled by default]
conftest.cc:36:0: note: this is the location of the previous definition
configure:10813: $? = 0
configure:10816: test -z 			 || test ! -s conftest.err
configure:10819: $? = 0
configure:10822: test -s conftest
configure:10825: $? = 0
configure:10837: result: yes
configure:10750: checking for strerror
configure:10807: g++ -o conftest -g -O2   conftest.cc -lnsl  >&5
conftest.cc:39:0: warning: "FD_HEADER_OK" redefined [enabled by default]
conftest.cc:36:0: note: this is the location of the previous definition
configure:10813: $? = 0
configure:10816: test -z 			 || test ! -s conftest.err
configure:10819: $? = 0
configure:10822: test -s conftest
configure:10825: $? = 0
configure:10837: result: yes
configure:10750: checking for strtok
configure:10807: g++ -o conftest -g -O2   conftest.cc -lnsl  >&5
conftest.cc:39:0: warning: "FD_HEADER_OK" redefined [enabled by default]
conftest.cc:36:0: note: this is the location of the previous definition
configure:10813: $? = 0
configure:10816: test -z 			 || test ! -s conftest.err
configure:10819: $? = 0
configure:10822: test -s conftest
configure:10825: $? = 0
configure:10837: result: yes
configure:10750: checking for strdup
configure:10807: g++ -o conftest -g -O2   conftest.cc -lnsl  >&5
conftest.cc:39:0: warning: "FD_HEADER_OK" redefined [enabled by default]
conftest.cc:36:0: note: this is the location of the previous definition
configure:10813: $? = 0
configure:10816: test -z 			 || test ! -s conftest.err
configure:10819: $? = 0
configure:10822: test -s conftest
configure:10825: $? = 0
configure:10837: result: yes
configure:10852: checking for strchr
configure:10909: g++ -o conftest -g -O2   conftest.cc -lnsl  >&5
conftest.cc:39:0: warning: "FD_HEADER_OK" redefined [enabled by default]
conftest.cc:36:0: note: this is the location of the previous definition
configure:10915: $? = 0
configure:10918: test -z 			 || test ! -s conftest.err
configure:10921: $? = 0
configure:10924: test -s conftest
configure:10927: $? = 0
configure:10939: result: yes
configure:10852: checking for memcpy
configure:10909: g++ -o conftest -g -O2   conftest.cc -lnsl  >&5
conftest.cc:39:0: warning: "FD_HEADER_OK" redefined [enabled by default]
conftest.cc:36:0: note: this is the location of the previous definition
configure:10915: $? = 0
configure:10918: test -z 			 || test ! -s conftest.err
configure:10921: $? = 0
configure:10924: test -s conftest
configure:10927: $? = 0
configure:10939: result: yes
configure:10953: checking for fgets
configure:11010: g++ -o conftest -g -O2   conftest.cc -lnsl  >&5
conftest.cc:39:0: warning: "FD_HEADER_OK" redefined [enabled by default]
conftest.cc:36:0: note: this is the location of the previous definition
configure:11016: $? = 0
configure:11019: test -z 			 || test ! -s conftest.err
configure:11022: $? = 0
configure:11025: test -s conftest
configure:11028: $? = 0
configure:11040: result: yes
configure:11054: checking for yylex
configure:11111: g++ -o conftest -g -O2   conftest.cc -lnsl  >&5
conftest.cc:39:0: warning: "FD_HEADER_OK" redefined [enabled by default]
conftest.cc:36:0: note: this is the location of the previous definition
/tmp/ccdUGEkf.o:conftest.cc:function f: error: undefined reference to 'yylex'
conftest.cc:98: error: undefined reference to 'yylex'
collect2: error: ld returned 1 exit status
configure:11117: $? = 1
configure: failed program was:
| /* confdefs.h.  */
| 
| #define PACKAGE_NAME ""
| #define PACKAGE_TARNAME ""
| #define PACKAGE_VERSION ""
| #define PACKAGE_STRING ""
| #define PACKAGE_BUGREPORT ""
| #define VERSIONSTR "0.5.3"
| #define VERSIONHI 0
| #define VERSIONLO 5
| #define VERSIONP 3
| #define STATISTIC no
| #ifdef __cplusplus
| extern "C" void exit (int) throw ();
| #endif
| #define STDC_HEADERS 1
| #define HAVE_SYS_TYPES_H 1
| #define HAVE_SYS_STAT_H 1
| #define HAVE_STDLIB_H 1
| #define HAVE_STRING_H 1
| #define HAVE_MEMORY_H 1
| #define HAVE_STRINGS_H 1
| #define HAVE_INTTYPES_H 1
| #define HAVE_STDINT_H 1
| #define HAVE_UNISTD_H 1
| #define HAVE_DLFCN_H 1
| #define YYTEXT_POINTER 1
| #define HAVE_FLEX 1
| #define STDC_HEADERS 1
| #define HAVE_GETOPT_H 1
| #define HAVE_UNISTD_H 1
| #define SOCKET_AVAIL 1
| #define HAVE_SYS_SOCKET_H 1
| #define SOCKLEN_T socklen_t
| #define HAVE_DIRENT_H 1
| #define FD_HEADER_OK 0
| #define FD_NEED_TIME_H 0
| #define FD_NEED_TYPES_H 1
| #define FD_HEADER_OK 1
| #define FD_NEED_SELECT_H 0
| #define HEADER_FD <sys/types.h>
| #define HAVE_LIBNSL 1
| #define HAVE_VPRINTF 1
| #define HAVE_VSNPRINTF 1
| #define HAVE_VASPRINTF 1
| #define HAVE_STRLEN 1
| #define HAVE_STRCPY 1
| #define HAVE_STRCAT 1
| #define HAVE_STRSTR 1
| #define HAVE_STRCMP 1
| #define HAVE_STRERROR 1
| #define HAVE_STRTOK 1
| #define HAVE_STRDUP 1
| #define HAVE_STRCHR 1
| #define HAVE_MEMCPY 1
| #define HAVE_FGETS 1
| /* end confdefs.h.  */
| /* Define yylex to an innocuous variant, in case <limits.h> declares yylex.
|    For example, HP-UX 11i <limits.h> declares gettimeofday.  */
| #define yylex innocuous_yylex
| 
| /* System header to define __stub macros and hopefully few prototypes,
|     which can conflict with char yylex (); below.
|     Prefer <limits.h> to <assert.h> if __STDC__ is defined, since
|     <limits.h> exists even on freestanding compilers.  */
| 
| #ifdef __STDC__
| # include <limits.h>
| #else
| # include <assert.h>
| #endif
| 
| #undef yylex
| 
| /* Override any gcc2 internal prototype to avoid an error.  */
| #ifdef __cplusplus
| extern "C"
| {
| #endif
| /* We use char because int might match the return type of a gcc2
|    builtin and then its argument prototype would still apply.  */
| char yylex ();
| /* The GNU C library defines this for functions which it implements
|     to always fail with ENOSYS.  Some functions are actually named
|     something starting with __ and the normal name is an alias.  */
| #if defined (__stub_yylex) || defined (__stub___yylex)
| choke me
| #else
| char (*f) () = yylex;
| #endif
| #ifdef __cplusplus
| }
| #endif
| 
| int
| main ()
| {
| return f != yylex;
|   ;
|   return 0;
| }
configure:11141: result: no
configure:11152: checking whether scanf knows %a
configure:11186: g++ -o conftest -g -O2   conftest.cc -lnsl  >&5
conftest.cc:39:0: warning: "FD_HEADER_OK" redefined [enabled by default]
conftest.cc:36:0: note: this is the location of the previous definition
conftest.cc:60:15: error: '::main' must return 'int'
configure:11189: $? = 1
configure: program exited with status 1
configure: failed program was:
| /* confdefs.h.  */
| 
| #define PACKAGE_NAME ""
| #define PACKAGE_TARNAME ""
| #define PACKAGE_VERSION ""
| #define PACKAGE_STRING ""
| #define PACKAGE_BUGREPORT ""
| #define VERSIONSTR "0.5.3"
| #define VERSIONHI 0
| #define VERSIONLO 5
| #define VERSIONP 3
| #define STATISTIC no
| #ifdef __cplusplus
| extern "C" void exit (int) throw ();
| #endif
| #define STDC_HEADERS 1
| #define HAVE_SYS_TYPES_H 1
| #define HAVE_SYS_STAT_H 1
| #define HAVE_STDLIB_H 1
| #define HAVE_STRING_H 1
| #define HAVE_MEMORY_H 1
| #define HAVE_STRINGS_H 1
| #define HAVE_INTTYPES_H 1
| #define HAVE_STDINT_H 1
| #define HAVE_UNISTD_H 1
| #define HAVE_DLFCN_H 1
| #define YYTEXT_POINTER 1
| #define HAVE_FLEX 1
| #define STDC_HEADERS 1
| #define HAVE_GETOPT_H 1
| #define HAVE_UNISTD_H 1
| #define SOCKET_AVAIL 1
| #define HAVE_SYS_SOCKET_H 1
| #define SOCKLEN_T socklen_t
| #define HAVE_DIRENT_H 1
| #define FD_HEADER_OK 0
| #define FD_NEED_TIME_H 0
| #define FD_NEED_TYPES_H 1
| #define FD_HEADER_OK 1
| #define FD_NEED_SELECT_H 0
| #define HEADER_FD <sys/types.h>
| #define HAVE_LIBNSL 1
| #define HAVE_VPRINTF 1
| #define HAVE_VSNPRINTF 1
| #define HAVE_VASPRINTF 1
| #define HAVE_STRLEN 1
| #define HAVE_STRCPY 1
| #define HAVE_STRCAT 1
| #define HAVE_STRSTR 1
| #define HAVE_STRCMP 1
| #define HAVE_STRERROR 1
| #define HAVE_STRTOK 1
| #define HAVE_STRDUP 1
| #define HAVE_STRCHR 1
| #define HAVE_MEMCPY 1
| #define HAVE_FGETS 1
| /* end confdefs.h.  */
| 
| #include <stdio.h>
| void main(void)
| {
|   FILE *f;
|   char *a;
|   int  i;
|   if ((f= fopen("conftest.data", "r")) == NULL)
|     exit(1);
|   i= fscanf(f, " %a[a-z] ", &a);
|   fclose(f);
|   if (i == 0)
|     exit(2);
|   if (i == 1)
|     exit(0);
|   exit(3);
| }
configure:11209: result: no
configure:11218: checking whether getcwd is GNUish
configure:11242: g++ -o conftest -g -O2   conftest.cc -lnsl  >&5
conftest.cc:39:0: warning: "FD_HEADER_OK" redefined [enabled by default]
conftest.cc:36:0: note: this is the location of the previous definition
conftest.cc:60:15: error: '::main' must return 'int'
configure:11245: $? = 1
configure: program exited with status 1
configure: failed program was:
| /* confdefs.h.  */
| 
| #define PACKAGE_NAME ""
| #define PACKAGE_TARNAME ""
| #define PACKAGE_VERSION ""
| #define PACKAGE_STRING ""
| #define PACKAGE_BUGREPORT ""
| #define VERSIONSTR "0.5.3"
| #define VERSIONHI 0
| #define VERSIONLO 5
| #define VERSIONP 3
| #define STATISTIC no
| #ifdef __cplusplus
| extern "C" void exit (int) throw ();
| #endif
| #define STDC_HEADERS 1
| #define HAVE_SYS_TYPES_H 1
| #define HAVE_SYS_STAT_H 1
| #define HAVE_STDLIB_H 1
| #define HAVE_STRING_H 1
| #define HAVE_MEMORY_H 1
| #define HAVE_STRINGS_H 1
| #define HAVE_INTTYPES_H 1
| #define HAVE_STDINT_H 1
| #define HAVE_UNISTD_H 1
| #define HAVE_DLFCN_H 1
| #define YYTEXT_POINTER 1
| #define HAVE_FLEX 1
| #define STDC_HEADERS 1
| #define HAVE_GETOPT_H 1
| #define HAVE_UNISTD_H 1
| #define SOCKET_AVAIL 1
| #define HAVE_SYS_SOCKET_H 1
| #define SOCKLEN_T socklen_t
| #define HAVE_DIRENT_H 1
| #define FD_HEADER_OK 0
| #define FD_NEED_TIME_H 0
| #define FD_NEED_TYPES_H 1
| #define FD_HEADER_OK 1
| #define FD_NEED_SELECT_H 0
| #define HEADER_FD <sys/types.h>
| #define HAVE_LIBNSL 1
| #define HAVE_VPRINTF 1
| #define HAVE_VSNPRINTF 1
| #define HAVE_VASPRINTF 1
| #define HAVE_STRLEN 1
| #define HAVE_STRCPY 1
| #define HAVE_STRCAT 1
| #define HAVE_STRSTR 1
| #define HAVE_STRCMP 1
| #define HAVE_STRERROR 1
| #define HAVE_STRTOK 1
| #define HAVE_STRDUP 1
| #define HAVE_STRCHR 1
| #define HAVE_MEMCPY 1
| #define HAVE_FGETS 1
| /* end confdefs.h.  */
| 
| #include <unistd.h>
| void main(void)
| {
|   if ((getcwd(NULL, 0)) == NULL)
|     exit(1);
|   exit(0);
| }
configure:11265: result: no
configure:11277: checking for type of length pointer parameter of accept
configure:11303: g++ -c -g -O2  -DACCEPT_SOCKLEN_T=int conftest.cc >&5
conftest.cc:39:0: warning: "FD_HEADER_OK" redefined [enabled by default]
conftest.cc:36:0: note: this is the location of the previous definition
conftest.cc: In function 'int main()':
conftest.cc:63:48: error: invalid conversion from 'int*' to 'socklen_t* {aka unsigned int*}' [-fpermissive]
In file included from conftest.cc:59:0:
/usr/include/x86_64-linux-gnu/sys/socket.h:244:12: error:   initializing argument 3 of 'int accept(int, sockaddr*, socklen_t*)' [-fpermissive]
configure:11309: $? = 1
configure: failed program was:
| /* confdefs.h.  */
| 
| #define PACKAGE_NAME ""
| #define PACKAGE_TARNAME ""
| #define PACKAGE_VERSION ""
| #define PACKAGE_STRING ""
| #define PACKAGE_BUGREPORT ""
| #define VERSIONSTR "0.5.3"
| #define VERSIONHI 0
| #define VERSIONLO 5
| #define VERSIONP 3
| #define STATISTIC no
| #ifdef __cplusplus
| extern "C" void exit (int) throw ();
| #endif
| #define STDC_HEADERS 1
| #define HAVE_SYS_TYPES_H 1
| #define HAVE_SYS_STAT_H 1
| #define HAVE_STDLIB_H 1
| #define HAVE_STRING_H 1
| #define HAVE_MEMORY_H 1
| #define HAVE_STRINGS_H 1
| #define HAVE_INTTYPES_H 1
| #define HAVE_STDINT_H 1
| #define HAVE_UNISTD_H 1
| #define HAVE_DLFCN_H 1
| #define YYTEXT_POINTER 1
| #define HAVE_FLEX 1
| #define STDC_HEADERS 1
| #define HAVE_GETOPT_H 1
| #define HAVE_UNISTD_H 1
| #define SOCKET_AVAIL 1
| #define HAVE_SYS_SOCKET_H 1
| #define SOCKLEN_T socklen_t
| #define HAVE_DIRENT_H 1
| #define FD_HEADER_OK 0
| #define FD_NEED_TIME_H 0
| #define FD_NEED_TYPES_H 1
| #define FD_HEADER_OK 1
| #define FD_NEED_SELECT_H 0
| #define HEADER_FD <sys/types.h>
| #define HAVE_LIBNSL 1
| #define HAVE_VPRINTF 1
| #define HAVE_VSNPRINTF 1
| #define HAVE_VASPRINTF 1
| #define HAVE_STRLEN 1
| #define HAVE_STRCPY 1
| #define HAVE_STRCAT 1
| #define HAVE_STRSTR 1
| #define HAVE_STRCMP 1
| #define HAVE_STRERROR 1
| #define HAVE_STRTOK 1
| #define HAVE_STRDUP 1
| #define HAVE_STRCHR 1
| #define HAVE_MEMCPY 1
| #define HAVE_FGETS 1
| /* end confdefs.h.  */
| #include <sys/types.h>
| #include <sys/socket.h>
| int
| main ()
| {
| struct sockaddr a; int len; accept (0, &a, &len);
|   ;
|   return 0;
| }
configure:11303: g++ -c -g -O2  -DACCEPT_SOCKLEN_T=size_t conftest.cc >&5
conftest.cc:39:0: warning: "FD_HEADER_OK" redefined [enabled by default]
conftest.cc:36:0: note: this is the location of the previous definition
conftest.cc: In function 'int main()':
conftest.cc:63:51: error: cannot convert 'size_t* {aka long unsigned int*}' to 'socklen_t* {aka unsigned int*}' for argument '3' to 'int accept(int, sockaddr*, socklen_t*)'
configure:11309: $? = 1
configure: failed program was:
| /* confdefs.h.  */
| 
| #define PACKAGE_NAME ""
| #define PACKAGE_TARNAME ""
| #define PACKAGE_VERSION ""
| #define PACKAGE_STRING ""
| #define PACKAGE_BUGREPORT ""
| #define VERSIONSTR "0.5.3"
| #define VERSIONHI 0
| #define VERSIONLO 5
| #define VERSIONP 3
| #define STATISTIC no
| #ifdef __cplusplus
| extern "C" void exit (int) throw ();
| #endif
| #define STDC_HEADERS 1
| #define HAVE_SYS_TYPES_H 1
| #define HAVE_SYS_STAT_H 1
| #define HAVE_STDLIB_H 1
| #define HAVE_STRING_H 1
| #define HAVE_MEMORY_H 1
| #define HAVE_STRINGS_H 1
| #define HAVE_INTTYPES_H 1
| #define HAVE_STDINT_H 1
| #define HAVE_UNISTD_H 1
| #define HAVE_DLFCN_H 1
| #define YYTEXT_POINTER 1
| #define HAVE_FLEX 1
| #define STDC_HEADERS 1
| #define HAVE_GETOPT_H 1
| #define HAVE_UNISTD_H 1
| #define SOCKET_AVAIL 1
| #define HAVE_SYS_SOCKET_H 1
| #define SOCKLEN_T socklen_t
| #define HAVE_DIRENT_H 1
| #define FD_HEADER_OK 0
| #define FD_NEED_TIME_H 0
| #define FD_NEED_TYPES_H 1
| #define FD_HEADER_OK 1
| #define FD_NEED_SELECT_H 0
| #define HEADER_FD <sys/types.h>
| #define HAVE_LIBNSL 1
| #define HAVE_VPRINTF 1
| #define HAVE_VSNPRINTF 1
| #define HAVE_VASPRINTF 1
| #define HAVE_STRLEN 1
| #define HAVE_STRCPY 1
| #define HAVE_STRCAT 1
| #define HAVE_STRSTR 1
| #define HAVE_STRCMP 1
| #define HAVE_STRERROR 1
| #define HAVE_STRTOK 1
| #define HAVE_STRDUP 1
| #define HAVE_STRCHR 1
| #define HAVE_MEMCPY 1
| #define HAVE_FGETS 1
| /* end confdefs.h.  */
| #include <sys/types.h>
| #include <sys/socket.h>
| int
| main ()
| {
| struct sockaddr a; size_t len; accept (0, &a, &len);
|   ;
|   return 0;
| }
configure:11303: g++ -c -g -O2  -DACCEPT_SOCKLEN_T=socklen_t conftest.cc >&5
conftest.cc:39:0: warning: "FD_HEADER_OK" redefined [enabled by default]
conftest.cc:36:0: note: this is the location of the previous definition
configure:11309: $? = 0
configure:11312: test -z 			 || test ! -s conftest.err
configure:11315: $? = 0
configure:11318: test -s conftest.o
configure:11321: $? = 0
configure:11333: result: socklen_t
configure:11371: checking whether byte ordering is bigendian
configure:11398: g++ -c -g -O2  conftest.cc >&5
conftest.cc:39:0: warning: "FD_HEADER_OK" redefined [enabled by default]
conftest.cc:36:0: note: this is the location of the previous definition
configure:11404: $? = 0
configure:11407: test -z 			 || test ! -s conftest.err
configure:11410: $? = 0
configure:11413: test -s conftest.o
configure:11416: $? = 0
configure:11440: g++ -c -g -O2  conftest.cc >&5
conftest.cc:39:0: warning: "FD_HEADER_OK" redefined [enabled by default]
conftest.cc:36:0: note: this is the location of the previous definition
conftest.cc: In function 'int main()':
conftest.cc:66:6: error: 'big' was not declared in this scope
conftest.cc:66:10: error: expected ';' before 'endian'
configure:11446: $? = 1
configure: failed program was:
| /* confdefs.h.  */
| 
| #define PACKAGE_NAME ""
| #define PACKAGE_TARNAME ""
| #define PACKAGE_VERSION ""
| #define PACKAGE_STRING ""
| #define PACKAGE_BUGREPORT ""
| #define VERSIONSTR "0.5.3"
| #define VERSIONHI 0
| #define VERSIONLO 5
| #define VERSIONP 3
| #define STATISTIC no
| #ifdef __cplusplus
| extern "C" void exit (int) throw ();
| #endif
| #define STDC_HEADERS 1
| #define HAVE_SYS_TYPES_H 1
| #define HAVE_SYS_STAT_H 1
| #define HAVE_STDLIB_H 1
| #define HAVE_STRING_H 1
| #define HAVE_MEMORY_H 1
| #define HAVE_STRINGS_H 1
| #define HAVE_INTTYPES_H 1
| #define HAVE_STDINT_H 1
| #define HAVE_UNISTD_H 1
| #define HAVE_DLFCN_H 1
| #define YYTEXT_POINTER 1
| #define HAVE_FLEX 1
| #define STDC_HEADERS 1
| #define HAVE_GETOPT_H 1
| #define HAVE_UNISTD_H 1
| #define SOCKET_AVAIL 1
| #define HAVE_SYS_SOCKET_H 1
| #define SOCKLEN_T socklen_t
| #define HAVE_DIRENT_H 1
| #define FD_HEADER_OK 0
| #define FD_NEED_TIME_H 0
| #define FD_NEED_TYPES_H 1
| #define FD_HEADER_OK 1
| #define FD_NEED_SELECT_H 0
| #define HEADER_FD <sys/types.h>
| #define HAVE_LIBNSL 1
| #define HAVE_VPRINTF 1
| #define HAVE_VSNPRINTF 1
| #define HAVE_VASPRINTF 1
| #define HAVE_STRLEN 1
| #define HAVE_STRCPY 1
| #define HAVE_STRCAT 1
| #define HAVE_STRSTR 1
| #define HAVE_STRCMP 1
| #define HAVE_STRERROR 1
| #define HAVE_STRTOK 1
| #define HAVE_STRDUP 1
| #define HAVE_STRCHR 1
| #define HAVE_MEMCPY 1
| #define HAVE_FGETS 1
| #define ACCEPT_SOCKLEN_T socklen_t
| /* end confdefs.h.  */
| #include <sys/types.h>
| #include <sys/param.h>
| 
| int
| main ()
| {
| #if BYTE_ORDER != BIG_ENDIAN
|  not big endian
| #endif
| 
|   ;
|   return 0;
| }
configure:11579: result: no
configure:11608: checking whether preprocessor accepts -MM or -M
Using built-in specs.
COLLECT_GCC=g++
Target: x86_64-linux-gnu
Configured with: ../src/configure -v --with-pkgversion='Ubuntu/Linaro 4.7.3-1ubuntu1' --with-bugurl=file:///usr/share/doc/gcc-4.7/README.Bugs --enable-languages=c,c++,go,fortran,objc,obj-c++ --prefix=/usr --program-suffix=-4.7 --enable-shared --enable-linker-build-id --libexecdir=/usr/lib --without-included-gettext --enable-threads=posix --with-gxx-include-dir=/usr/include/c++/4.7 --libdir=/usr/lib --enable-nls --with-sysroot=/ --enable-clocale=gnu --enable-libstdcxx-debug --enable-libstdcxx-time=yes --enable-gnu-unique-object --enable-plugin --with-system-zlib --enable-objc-gc --with-cloog --enable-cloog-backend=ppl --disable-cloog-version-check --disable-ppl-version-check --enable-multiarch --disable-werror --with-arch-32=i686 --with-abi=m64 --with-multilib-list=m32,m64,mx32 --with-tune=generic --enable-checking=release --build=x86_64-linux-gnu --host=x86_64-linux-gnu --target=x86_64-linux-gnu
Thread model: posix
gcc version 4.7.3 (Ubuntu/Linaro 4.7.3-1ubuntu1) 
COLLECT_GCC_OPTIONS='-E' '-v' '-MM' '-shared-libgcc' '-mtune=generic' '-march=x86-64'
 /usr/lib/gcc/x86_64-linux-gnu/4.7/cc1plus -E -quiet -v -imultilib . -imultiarch x86_64-linux-gnu -MM -D_GNU_SOURCE _test_.c -mtune=generic -march=x86-64 -fstack-protector
ignoring duplicate directory "/usr/include/x86_64-linux-gnu/c++/4.7"
ignoring nonexistent directory "/usr/local/include/x86_64-linux-gnu"
ignoring nonexistent directory "/usr/lib/gcc/x86_64-linux-gnu/4.7/../../../../x86_64-linux-gnu/include"
#include "..." search starts here:
#include <...> search starts here:
 /usr/include/c++/4.7
 /usr/include/x86_64-linux-gnu/c++/4.7/.
 /usr/include/c++/4.7/backward
 /usr/lib/gcc/x86_64-linux-gnu/4.7/include
 /usr/local/include
 /usr/lib/gcc/x86_64-linux-gnu/4.7/include-fixed
 /usr/include/x86_64-linux-gnu
 /usr/include
End of search list.
_test_.o: _test_.c
COMPILER_PATH=/usr/lib/gcc/x86_64-linux-gnu/4.7/:/usr/lib/gcc/x86_64-linux-gnu/4.7/:/usr/lib/gcc/x86_64-linux-gnu/:/usr/lib/gcc/x86_64-linux-gnu/4.7/:/usr/lib/gcc/x86_64-linux-gnu/
LIBRARY_PATH=/usr/lib/gcc/x86_64-linux-gnu/4.7/:/usr/lib/gcc/x86_64-linux-gnu/4.7/../../../x86_64-linux-gnu/:/usr/lib/gcc/x86_64-linux-gnu/4.7/../../../../lib/:/lib/x86_64-linux-gnu/:/lib/../lib/:/usr/lib/x86_64-linux-gnu/:/usr/lib/../lib/:/usr/lib/gcc/x86_64-linux-gnu/4.7/../../../:/lib/:/usr/lib/
COLLECT_GCC_OPTIONS='-E' '-v' '-MM' '-shared-libgcc' '-mtune=generic' '-march=x86-64'
configure:11623: result: -MM
configure:11631: checking whether g++ accepts -ggdb
Using built-in specs.
COLLECT_GCC=g++
Target: x86_64-linux-gnu
Configured with: ../src/configure -v --with-pkgversion='Ubuntu/Linaro 4.7.3-1ubuntu1' --with-bugurl=file:///usr/share/doc/gcc-4.7/README.Bugs --enable-languages=c,c++,go,fortran,objc,obj-c++ --prefix=/usr --program-suffix=-4.7 --enable-shared --enable-linker-build-id --libexecdir=/usr/lib --without-included-gettext --enable-threads=posix --with-gxx-include-dir=/usr/include/c++/4.7 --libdir=/usr/lib --enable-nls --with-sysroot=/ --enable-clocale=gnu --enable-libstdcxx-debug --enable-libstdcxx-time=yes --enable-gnu-unique-object --enable-plugin --with-system-zlib --enable-objc-gc --with-cloog --enable-cloog-backend=ppl --disable-cloog-version-check --disable-ppl-version-check --enable-multiarch --disable-werror --with-arch-32=i686 --with-abi=m64 --with-multilib-list=m32,m64,mx32 --with-tune=generic --enable-checking=release --build=x86_64-linux-gnu --host=x86_64-linux-gnu --target=x86_64-linux-gnu
Thread model: posix
gcc version 4.7.3 (Ubuntu/Linaro 4.7.3-1ubuntu1) 
COLLECT_GCC_OPTIONS='-v' '-ggdb' '-c' '-shared-libgcc' '-mtune=generic' '-march=x86-64'
 /usr/lib/gcc/x86_64-linux-gnu/4.7/cc1plus -quiet -v -imultilib . -imultiarch x86_64-linux-gnu -D_GNU_SOURCE _test_.c -quiet -dumpbase _test_.c -mtune=generic -march=x86-64 -auxbase _test_ -ggdb -version -fstack-protector -o /tmp/cced84Wr.s
GNU C++ (Ubuntu/Linaro 4.7.3-1ubuntu1) version 4.7.3 (x86_64-linux-gnu)
	compiled by GNU C version 4.7.3, GMP version 5.0.5, MPFR version 3.1.1-p2, MPC version 0.9
GGC heuristics: --param ggc-min-expand=100 --param ggc-min-heapsize=131072
ignoring duplicate directory "/usr/include/x86_64-linux-gnu/c++/4.7"
ignoring nonexistent directory "/usr/local/include/x86_64-linux-gnu"
ignoring nonexistent directory "/usr/lib/gcc/x86_64-linux-gnu/4.7/../../../../x86_64-linux-gnu/include"
#include "..." search starts here:
#include <...> search starts here:
 /usr/include/c++/4.7
 /usr/include/x86_64-linux-gnu/c++/4.7/.
 /usr/include/c++/4.7/backward
 /usr/lib/gcc/x86_64-linux-gnu/4.7/include
 /usr/local/include
 /usr/lib/gcc/x86_64-linux-gnu/4.7/include-fixed
 /usr/include/x86_64-linux-gnu
 /usr/include
End of search list.
GNU C++ (Ubuntu/Linaro 4.7.3-1ubuntu1) version 4.7.3 (x86_64-linux-gnu)
	compiled by GNU C version 4.7.3, GMP version 5.0.5, MPFR version 3.1.1-p2, MPC version 0.9
GGC heuristics: --param ggc-min-expand=100 --param ggc-min-heapsize=131072
Compiler executable checksum: 7c3b96402a8920876e03e4e0d436665c
COLLECT_GCC_OPTIONS='-v' '-ggdb' '-c' '-shared-libgcc' '-mtune=generic' '-march=x86-64'
 as -v --64 -o _test_.o /tmp/cced84Wr.s
GNU assembler version 2.23.2 (x86_64-linux-gnu) using BFD version (GNU Binutils for Ubuntu) 2.23.2
COMPILER_PATH=/usr/lib/gcc/x86_64-linux-gnu/4.7/:/usr/lib/gcc/x86_64-linux-gnu/4.7/:/usr/lib/gcc/x86_64-linux-gnu/:/usr/lib/gcc/x86_64-linux-gnu/4.7/:/usr/lib/gcc/x86_64-linux-gnu/
LIBRARY_PATH=/usr/lib/gcc/x86_64-linux-gnu/4.7/:/usr/lib/gcc/x86_64-linux-gnu/4.7/../../../x86_64-linux-gnu/:/usr/lib/gcc/x86_64-linux-gnu/4.7/../../../../lib/:/lib/x86_64-linux-gnu/:/lib/../lib/:/usr/lib/x86_64-linux-gnu/:/usr/lib/../lib/:/usr/lib/gcc/x86_64-linux-gnu/4.7/../../../:/lib/:/usr/lib/
COLLECT_GCC_OPTIONS='-v' '-ggdb' '-c' '-shared-libgcc' '-mtune=generic' '-march=x86-64'
configure:11648: result: yes
configure:11652: checking whether g++ accepts -gstabs
Using built-in specs.
COLLECT_GCC=g++
Target: x86_64-linux-gnu
Configured with: ../src/configure -v --with-pkgversion='Ubuntu/Linaro 4.7.3-1ubuntu1' --with-bugurl=file:///usr/share/doc/gcc-4.7/README.Bugs --enable-languages=c,c++,go,fortran,objc,obj-c++ --prefix=/usr --program-suffix=-4.7 --enable-shared --enable-linker-build-id --libexecdir=/usr/lib --without-included-gettext --enable-threads=posix --with-gxx-include-dir=/usr/include/c++/4.7 --libdir=/usr/lib --enable-nls --with-sysroot=/ --enable-clocale=gnu --enable-libstdcxx-debug --enable-libstdcxx-time=yes --enable-gnu-unique-object --enable-plugin --with-system-zlib --enable-objc-gc --with-cloog --enable-cloog-backend=ppl --disable-cloog-version-check --disable-ppl-version-check --enable-multiarch --disable-werror --with-arch-32=i686 --with-abi=m64 --with-multilib-list=m32,m64,mx32 --with-tune=generic --enable-checking=release --build=x86_64-linux-gnu --host=x86_64-linux-gnu --target=x86_64-linux-gnu
Thread model: posix
gcc version 4.7.3 (Ubuntu/Linaro 4.7.3-1ubuntu1) 
COLLECT_GCC_OPTIONS='-v' '-gstabs' '-c' '-shared-libgcc' '-mtune=generic' '-march=x86-64'
 /usr/lib/gcc/x86_64-linux-gnu/4.7/cc1plus -quiet -v -imultilib . -imultiarch x86_64-linux-gnu -D_GNU_SOURCE _test_.c -quiet -dumpbase _test_.c -mtune=generic -march=x86-64 -auxbase _test_ -gstabs -version -fstack-protector -o /tmp/ccEZv1au.s
GNU C++ (Ubuntu/Linaro 4.7.3-1ubuntu1) version 4.7.3 (x86_64-linux-gnu)
	compiled by GNU C version 4.7.3, GMP version 5.0.5, MPFR version 3.1.1-p2, MPC version 0.9
GGC heuristics: --param ggc-min-expand=100 --param ggc-min-heapsize=131072
ignoring duplicate directory "/usr/include/x86_64-linux-gnu/c++/4.7"
ignoring nonexistent directory "/usr/local/include/x86_64-linux-gnu"
ignoring nonexistent directory "/usr/lib/gcc/x86_64-linux-gnu/4.7/../../../../x86_64-linux-gnu/include"
#include "..." search starts here:
#include <...> search starts here:
 /usr/include/c++/4.7
 /usr/include/x86_64-linux-gnu/c++/4.7/.
 /usr/include/c++/4.7/backward
 /usr/lib/gcc/x86_64-linux-gnu/4.7/include
 /usr/local/include
 /usr/lib/gcc/x86_64-linux-gnu/4.7/include-fixed
 /usr/include/x86_64-linux-gnu
 /usr/include
End of search list.
GNU C++ (Ubuntu/Linaro 4.7.3-1ubuntu1) version 4.7.3 (x86_64-linux-gnu)
	compiled by GNU C version 4.7.3, GMP version 5.0.5, MPFR version 3.1.1-p2, MPC version 0.9
GGC heuristics: --param ggc-min-expand=100 --param ggc-min-heapsize=131072
Compiler executable checksum: 7c3b96402a8920876e03e4e0d436665c
COLLECT_GCC_OPTIONS='-v' '-gstabs' '-c' '-shared-libgcc' '-mtune=generic' '-march=x86-64'
 as -v --64 -o _test_.o /tmp/ccEZv1au.s
GNU assembler version 2.23.2 (x86_64-linux-gnu) using BFD version (GNU Binutils for Ubuntu) 2.23.2
COMPILER_PATH=/usr/lib/gcc/x86_64-linux-gnu/4.7/:/usr/lib/gcc/x86_64-linux-gnu/4.7/:/usr/lib/gcc/x86_64-linux-gnu/:/usr/lib/gcc/x86_64-linux-gnu/4.7/:/usr/lib/gcc/x86_64-linux-gnu/
LIBRARY_PATH=/usr/lib/gcc/x86_64-linux-gnu/4.7/:/usr/lib/gcc/x86_64-linux-gnu/4.7/../../../x86_64-linux-gnu/:/usr/lib/gcc/x86_64-linux-gnu/4.7/../../../../lib/:/lib/x86_64-linux-gnu/:/lib/../lib/:/usr/lib/x86_64-linux-gnu/:/usr/lib/../lib/:/usr/lib/gcc/x86_64-linux-gnu/4.7/../../../:/lib/:/usr/lib/
COLLECT_GCC_OPTIONS='-v' '-gstabs' '-c' '-shared-libgcc' '-mtune=generic' '-march=x86-64'
configure:11669: result: yes
configure:11686: checking whether g++ accepts -pipe
Using built-in specs.
COLLECT_GCC=g++
Target: x86_64-linux-gnu
Configured with: ../src/configure -v --with-pkgversion='Ubuntu/Linaro 4.7.3-1ubuntu1' --with-bugurl=file:///usr/share/doc/gcc-4.7/README.Bugs --enable-languages=c,c++,go,fortran,objc,obj-c++ --prefix=/usr --program-suffix=-4.7 --enable-shared --enable-linker-build-id --libexecdir=/usr/lib --without-included-gettext --enable-threads=posix --with-gxx-include-dir=/usr/include/c++/4.7 --libdir=/usr/lib --enable-nls --with-sysroot=/ --enable-clocale=gnu --enable-libstdcxx-debug --enable-libstdcxx-time=yes --enable-gnu-unique-object --enable-plugin --with-system-zlib --enable-objc-gc --with-cloog --enable-cloog-backend=ppl --disable-cloog-version-check --disable-ppl-version-check --enable-multiarch --disable-werror --with-arch-32=i686 --with-abi=m64 --with-multilib-list=m32,m64,mx32 --with-tune=generic --enable-checking=release --build=x86_64-linux-gnu --host=x86_64-linux-gnu --target=x86_64-linux-gnu
Thread model: posix
gcc version 4.7.3 (Ubuntu/Linaro 4.7.3-1ubuntu1) 
COLLECT_GCC_OPTIONS='-v' '-pipe' '-c' '-shared-libgcc' '-mtune=generic' '-march=x86-64'
 /usr/lib/gcc/x86_64-linux-gnu/4.7/cc1plus -quiet -v -imultilib . -imultiarch x86_64-linux-gnu -D_GNU_SOURCE _test_.c -quiet -dumpbase _test_.c -mtune=generic -march=x86-64 -auxbase _test_ -version -fstack-protector -o - |
 as -v --64 -o _test_.o
GNU assembler version 2.23.2 (x86_64-linux-gnu) using BFD version (GNU Binutils for Ubuntu) 2.23.2
GNU C++ (Ubuntu/Linaro 4.7.3-1ubuntu1) version 4.7.3 (x86_64-linux-gnu)
	compiled by GNU C version 4.7.3, GMP version 5.0.5, MPFR version 3.1.1-p2, MPC version 0.9
GGC heuristics: --param ggc-min-expand=100 --param ggc-min-heapsize=131072
ignoring duplicate directory "/usr/include/x86_64-linux-gnu/c++/4.7"
ignoring nonexistent directory "/usr/local/include/x86_64-linux-gnu"
ignoring nonexistent directory "/usr/lib/gcc/x86_64-linux-gnu/4.7/../../../../x86_64-linux-gnu/include"
#include "..." search starts here:
#include <...> search starts here:
 /usr/include/c++/4.7
 /usr/include/x86_64-linux-gnu/c++/4.7/.
 /usr/include/c++/4.7/backward
 /usr/lib/gcc/x86_64-linux-gnu/4.7/include
 /usr/local/include
 /usr/lib/gcc/x86_64-linux-gnu/4.7/include-fixed
 /usr/include/x86_64-linux-gnu
 /usr/include
End of search list.
GNU C++ (Ubuntu/Linaro 4.7.3-1ubuntu1) version 4.7.3 (x86_64-linux-gnu)
	compiled by GNU C version 4.7.3, GMP version 5.0.5, MPFR version 3.1.1-p2, MPC version 0.9
GGC heuristics: --param ggc-min-expand=100 --param ggc-min-heapsize=131072
Compiler executable checksum: 7c3b96402a8920876e03e4e0d436665c
COMPILER_PATH=/usr/lib/gcc/x86_64-linux-gnu/4.7/:/usr/lib/gcc/x86_64-linux-gnu/4.7/:/usr/lib/gcc/x86_64-linux-gnu/:/usr/lib/gcc/x86_64-linux-gnu/4.7/:/usr/lib/gcc/x86_64-linux-gnu/
LIBRARY_PATH=/usr/lib/gcc/x86_64-linux-gnu/4.7/:/usr/lib/gcc/x86_64-linux-gnu/4.7/../../../x86_64-linux-gnu/:/usr/lib/gcc/x86_64-linux-gnu/4.7/../../../../lib/:/lib/x86_64-linux-gnu/:/lib/../lib/:/usr/lib/x86_64-linux-gnu/:/usr/lib/../lib/:/usr/lib/gcc/x86_64-linux-gnu/4.7/../../../:/lib/:/usr/lib/
COLLECT_GCC_OPTIONS='-v' '-pipe' '-c' '-shared-libgcc' '-mtune=generic' '-march=x86-64'
configure:11703: result: yes
configure:11713: checking whether g++ accepts -fPIC
Using built-in specs.
COLLECT_GCC=g++
Target: x86_64-linux-gnu
Configured with: ../src/configure -v --with-pkgversion='Ubuntu/Linaro 4.7.3-1ubuntu1' --with-bugurl=file:///usr/share/doc/gcc-4.7/README.Bugs --enable-languages=c,c++,go,fortran,objc,obj-c++ --prefix=/usr --program-suffix=-4.7 --enable-shared --enable-linker-build-id --libexecdir=/usr/lib --without-included-gettext --enable-threads=posix --with-gxx-include-dir=/usr/include/c++/4.7 --libdir=/usr/lib --enable-nls --with-sysroot=/ --enable-clocale=gnu --enable-libstdcxx-debug --enable-libstdcxx-time=yes --enable-gnu-unique-object --enable-plugin --with-system-zlib --enable-objc-gc --with-cloog --enable-cloog-backend=ppl --disable-cloog-version-check --disable-ppl-version-check --enable-multiarch --disable-werror --with-arch-32=i686 --with-abi=m64 --with-multilib-list=m32,m64,mx32 --with-tune=generic --enable-checking=release --build=x86_64-linux-gnu --host=x86_64-linux-gnu --target=x86_64-linux-gnu
Thread model: posix
gcc version 4.7.3 (Ubuntu/Linaro 4.7.3-1ubuntu1) 
COLLECT_GCC_OPTIONS='-v' '-fPIC' '-c' '-shared-libgcc' '-mtune=generic' '-march=x86-64'
 /usr/lib/gcc/x86_64-linux-gnu/4.7/cc1plus -quiet -v -imultilib . -imultiarch x86_64-linux-gnu -D_GNU_SOURCE _test_.c -quiet -dumpbase _test_.c -mtune=generic -march=x86-64 -auxbase _test_ -version -fPIC -fstack-protector -o /tmp/cctkMqxx.s
GNU C++ (Ubuntu/Linaro 4.7.3-1ubuntu1) version 4.7.3 (x86_64-linux-gnu)
	compiled by GNU C version 4.7.3, GMP version 5.0.5, MPFR version 3.1.1-p2, MPC version 0.9
GGC heuristics: --param ggc-min-expand=100 --param ggc-min-heapsize=131072
ignoring duplicate directory "/usr/include/x86_64-linux-gnu/c++/4.7"
ignoring nonexistent directory "/usr/local/include/x86_64-linux-gnu"
ignoring nonexistent directory "/usr/lib/gcc/x86_64-linux-gnu/4.7/../../../../x86_64-linux-gnu/include"
#include "..." search starts here:
#include <...> search starts here:
 /usr/include/c++/4.7
 /usr/include/x86_64-linux-gnu/c++/4.7/.
 /usr/include/c++/4.7/backward
 /usr/lib/gcc/x86_64-linux-gnu/4.7/include
 /usr/local/include
 /usr/lib/gcc/x86_64-linux-gnu/4.7/include-fixed
 /usr/include/x86_64-linux-gnu
 /usr/include
End of search list.
GNU C++ (Ubuntu/Linaro 4.7.3-1ubuntu1) version 4.7.3 (x86_64-linux-gnu)
	compiled by GNU C version 4.7.3, GMP version 5.0.5, MPFR version 3.1.1-p2, MPC version 0.9
GGC heuristics: --param ggc-min-expand=100 --param ggc-min-heapsize=131072
Compiler executable checksum: 7c3b96402a8920876e03e4e0d436665c
COLLECT_GCC_OPTIONS='-v' '-fPIC' '-c' '-shared-libgcc' '-mtune=generic' '-march=x86-64'
 as -v --64 -o _test_.o /tmp/cctkMqxx.s
GNU assembler version 2.23.2 (x86_64-linux-gnu) using BFD version (GNU Binutils for Ubuntu) 2.23.2
COMPILER_PATH=/usr/lib/gcc/x86_64-linux-gnu/4.7/:/usr/lib/gcc/x86_64-linux-gnu/4.7/:/usr/lib/gcc/x86_64-linux-gnu/:/usr/lib/gcc/x86_64-linux-gnu/4.7/:/usr/lib/gcc/x86_64-linux-gnu/
LIBRARY_PATH=/usr/lib/gcc/x86_64-linux-gnu/4.7/:/usr/lib/gcc/x86_64-linux-gnu/4.7/../../../x86_64-linux-gnu/:/usr/lib/gcc/x86_64-linux-gnu/4.7/../../../../lib/:/lib/x86_64-linux-gnu/:/lib/../lib/:/usr/lib/x86_64-linux-gnu/:/usr/lib/../lib/:/usr/lib/gcc/x86_64-linux-gnu/4.7/../../../:/lib/:/usr/lib/
COLLECT_GCC_OPTIONS='-v' '-fPIC' '-c' '-shared-libgcc' '-mtune=generic' '-march=x86-64'
configure:11730: result: yes
configure:11784: checking return type of signal handlers
configure:11815: g++ -c -g -O2 -gstabs+ -g3 -pipe  conftest.cc >&5
conftest.cc:39:0: warning: "FD_HEADER_OK" redefined [enabled by default]
conftest.cc:36:0: note: this is the location of the previous definition
configure:11821: $? = 0
configure:11824: test -z 			 || test ! -s conftest.err
configure:11827: $? = 0
configure:11830: test -s conftest.o
configure:11833: $? = 0
configure:11844: result: void
configure:11853: checking for char
configure:11877: g++ -c -g -O2 -gstabs+ -g3 -pipe  conftest.cc >&5
conftest.cc:39:0: warning: "FD_HEADER_OK" redefined [enabled by default]
conftest.cc:36:0: note: this is the location of the previous definition
configure:11883: $? = 0
configure:11886: test -z 			 || test ! -s conftest.err
configure:11889: $? = 0
configure:11892: test -s conftest.o
configure:11895: $? = 0
configure:11906: result: yes
configure:11909: checking size of char
configure:12221: g++ -o conftest -g -O2 -gstabs+ -g3 -pipe   conftest.cc -lnsl  >&5
conftest.cc:39:0: warning: "FD_HEADER_OK" redefined [enabled by default]
conftest.cc:36:0: note: this is the location of the previous definition
configure:12224: $? = 0
configure:12226: ./conftest
configure:12229: $? = 0
configure:12252: result: 1
configure:12259: checking for short
configure:12283: g++ -c -g -O2 -gstabs+ -g3 -pipe  conftest.cc >&5
conftest.cc:39:0: warning: "FD_HEADER_OK" redefined [enabled by default]
conftest.cc:36:0: note: this is the location of the previous definition
configure:12289: $? = 0
configure:12292: test -z 			 || test ! -s conftest.err
configure:12295: $? = 0
configure:12298: test -s conftest.o
configure:12301: $? = 0
configure:12312: result: yes
configure:12315: checking size of short
configure:12627: g++ -o conftest -g -O2 -gstabs+ -g3 -pipe   conftest.cc -lnsl  >&5
conftest.cc:39:0: warning: "FD_HEADER_OK" redefined [enabled by default]
conftest.cc:36:0: note: this is the location of the previous definition
configure:12630: $? = 0
configure:12632: ./conftest
configure:12635: $? = 0
configure:12658: result: 2
configure:12665: checking for int
configure:12689: g++ -c -g -O2 -gstabs+ -g3 -pipe  conftest.cc >&5
conftest.cc:39:0: warning: "FD_HEADER_OK" redefined [enabled by default]
conftest.cc:36:0: note: this is the location of the previous definition
configure:12695: $? = 0
configure:12698: test -z 			 || test ! -s conftest.err
configure:12701: $? = 0
configure:12704: test -s conftest.o
configure:12707: $? = 0
configure:12718: result: yes
configure:12721: checking size of int
configure:13033: g++ -o conftest -g -O2 -gstabs+ -g3 -pipe   conftest.cc -lnsl  >&5
conftest.cc:39:0: warning: "FD_HEADER_OK" redefined [enabled by default]
conftest.cc:36:0: note: this is the location of the previous definition
configure:13036: $? = 0
configure:13038: ./conftest
configure:13041: $? = 0
configure:13064: result: 4
configure:13071: checking for long
configure:13095: g++ -c -g -O2 -gstabs+ -g3 -pipe  conftest.cc >&5
conftest.cc:39:0: warning: "FD_HEADER_OK" redefined [enabled by default]
conftest.cc:36:0: note: this is the location of the previous definition
configure:13101: $? = 0
configure:13104: test -z 			 || test ! -s conftest.err
configure:13107: $? = 0
configure:13110: test -s conftest.o
configure:13113: $? = 0
configure:13124: result: yes
configure:13127: checking size of long
configure:13439: g++ -o conftest -g -O2 -gstabs+ -g3 -pipe   conftest.cc -lnsl  >&5
conftest.cc:39:0: warning: "FD_HEADER_OK" redefined [enabled by default]
conftest.cc:36:0: note: this is the location of the previous definition
configure:13442: $? = 0
configure:13444: ./conftest
configure:13447: $? = 0
configure:13470: result: 8
configure:13477: checking for long long
configure:13501: g++ -c -g -O2 -gstabs+ -g3 -pipe  conftest.cc >&5
conftest.cc:39:0: warning: "FD_HEADER_OK" redefined [enabled by default]
conftest.cc:36:0: note: this is the location of the previous definition
configure:13507: $? = 0
configure:13510: test -z 			 || test ! -s conftest.err
configure:13513: $? = 0
configure:13516: test -s conftest.o
configure:13519: $? = 0
configure:13530: result: yes
configure:13533: checking size of long long
configure:13845: g++ -o conftest -g -O2 -gstabs+ -g3 -pipe   conftest.cc -lnsl  >&5
conftest.cc:39:0: warning: "FD_HEADER_OK" redefined [enabled by default]
conftest.cc:36:0: note: this is the location of the previous definition
configure:13848: $? = 0
configure:13850: ./conftest
configure:13853: $? = 0
configure:13876: result: 8
configure:13921: checking type name for byte
configure:13924: result: char
configure:13926: checking type name for word
configure:13929: result: short
configure:13931: checking type name for dword
configure:13934: result: int
configure:14070: creating ./config.status

## ---------------------- ##
## Running config.status. ##
## ---------------------- ##

This file was extended by config.status, which was
generated by GNU Autoconf 2.59.  Invocation command line was

  CONFIG_FILES    = 
  CONFIG_HEADERS  = 
  CONFIG_LINKS    = 
  CONFIG_COMMANDS = 
  $ ./config.status 

on gabrielle-HP-Z600-Workstation

config.status:747: creating main.mk
config.status:747: creating packages.mk
config.status:747: creating sim.src/Makefile
config.status:747: creating cmd.src/Makefile
config.status:747: creating s51.src/Makefile
config.status:747: creating avr.src/Makefile
config.status:747: creating z80.src/Makefile
config.status:747: creating hc08.src/Makefile
config.status:747: creating xa.src/Makefile
config.status:747: creating gui.src/Makefile
config.status:747: creating gui.src/serio.src/Makefile
config.status:747: creating doc/Makefile
config.status:813: creating ddconfig.h

## ---------------- ##
## Cache variables. ##
## ---------------- ##

ac_cv_build=x86_64-unknown-linux-gnu
ac_cv_build_alias=x86_64-unknown-linux-gnu
ac_cv_c_bigendian=no
ac_cv_c_compiler_gnu=yes
ac_cv_cxx_compiler_gnu=yes
ac_cv_env_CC_set=
ac_cv_env_CC_value=
ac_cv_env_CFLAGS_set=
ac_cv_env_CFLAGS_value=
ac_cv_env_CPPFLAGS_set=
ac_cv_env_CPPFLAGS_value=
ac_cv_env_CPP_set=
ac_cv_env_CPP_value=
ac_cv_env_CXXCPP_set=
ac_cv_env_CXXCPP_value=
ac_cv_env_CXXFLAGS_set=
ac_cv_env_CXXFLAGS_value=
ac_cv_env_CXX_set=
ac_cv_env_CXX_value=
ac_cv_env_LDFLAGS_set=
ac_cv_env_LDFLAGS_value=
ac_cv_env_build_alias_set=
ac_cv_env_build_alias_value=
ac_cv_env_docdir_set=
ac_cv_env_docdir_value=
ac_cv_env_host_alias_set=
ac_cv_env_host_alias_value=
ac_cv_env_target_alias_set=
ac_cv_env_target_alias_value=
ac_cv_exeext=
ac_cv_func__doprnt=no
ac_cv_func_fgets=yes
ac_cv_func_memcpy=yes
ac_cv_func_strcat=yes
ac_cv_func_strchr=yes
ac_cv_func_strcmp=yes
ac_cv_func_strcpy=yes
ac_cv_func_strdup=yes
ac_cv_func_strerror=yes
ac_cv_func_strlen=yes
ac_cv_func_strstr=yes
ac_cv_func_strtok=yes
ac_cv_func_vasprintf=yes
ac_cv_func_vprintf=yes
ac_cv_func_vsnprintf=yes
ac_cv_func_yylex=no
ac_cv_header_dirent_dirent_h=yes
ac_cv_header_dlfcn_h=yes
ac_cv_header_getopt_h=yes
ac_cv_header_inttypes_h=yes
ac_cv_header_memory_h=yes
ac_cv_header_stdc=yes
ac_cv_header_stdint_h=yes
ac_cv_header_stdlib_h=yes
ac_cv_header_string_h=yes
ac_cv_header_strings_h=yes
ac_cv_header_sys_socket_h=yes
ac_cv_header_sys_stat_h=yes
ac_cv_header_sys_types_h=yes
ac_cv_header_unistd_h=yes
ac_cv_host=x86_64-unknown-linux-gnu
ac_cv_host_alias=x86_64-unknown-linux-gnu
ac_cv_lib_dl_dlopen=yes
ac_cv_lib_fl_yywrap=yes
ac_cv_lib_nsl_xdr_short=yes
ac_cv_lib_panel_panel_above=yes
ac_cv_lib_socket_socket=no
ac_cv_objext=o
ac_cv_path_install='/usr/bin/install -c'
ac_cv_prog_AWK=gawk
ac_cv_prog_BISON_PLUS_PLUS=:
ac_cv_prog_CPP='gcc -E'
ac_cv_prog_CXXCPP='g++ -E'
ac_cv_prog_LEX=flex
ac_cv_prog_STRIP=strip
ac_cv_prog_YACC='bison -y'
ac_cv_prog_ac_ct_CC=gcc
ac_cv_prog_ac_ct_CXX=g++
ac_cv_prog_ac_ct_RANLIB=ranlib
ac_cv_prog_cc_g=yes
ac_cv_prog_cc_stdc=
ac_cv_prog_cxx_g=yes
ac_cv_prog_egrep='grep -E'
ac_cv_prog_lex_root=lex.yy
ac_cv_prog_lex_yytext_pointer=yes
ac_cv_search_opendir='none required'
ac_cv_sizeof_char=1
ac_cv_sizeof_int=4
ac_cv_sizeof_long=8
ac_cv_sizeof_long_long=8
ac_cv_sizeof_short=2
ac_cv_type_char=yes
ac_cv_type_int=yes
ac_cv_type_long=yes
ac_cv_type_long_long=yes
ac_cv_type_short=yes
ac_cv_type_signal=void
lt_cv_archive_cmds_need_lc=no
lt_cv_compiler_c_o=yes
lt_cv_compiler_o_lo=yes
lt_cv_deplibs_check_method='file_magic ELF [0-9][0-9]*-bit [LM]SB (shared object|dynamic lib )'
lt_cv_file_magic_cmd='$MAGIC_CMD'
lt_cv_file_magic_test_file='/lib/libc.so* /lib/libc-*.so'
lt_cv_global_symbol_to_c_name_address='sed -n -e '\''s/^: \([^ ]*\) $/  {\"\1\", (lt_ptr) 0},/p'\'' -e '\''s/^[BCDEGRST] \([^ ]*\) \([^ ]*\)$/  {"\2", (lt_ptr) \&\2},/p'\'''
lt_cv_global_symbol_to_cdecl='sed -n -e '\''s/^. .* \(.*\)$/extern char \1;/p'\'''
lt_cv_ld_reload_flag=-r
lt_cv_path_LD=/usr/bin/ld
lt_cv_path_MAGIC_CMD=/usr/bin/file
lt_cv_path_NM='/usr/bin/nm -B'
lt_cv_prog_cc_can_build_shared=yes
lt_cv_prog_cc_no_builtin=
lt_cv_prog_cc_pic=' -fPIC'
lt_cv_prog_cc_pic_works=yes
lt_cv_prog_cc_shlib=
lt_cv_prog_cc_static=-static
lt_cv_prog_cc_static_works=yes
lt_cv_prog_cc_wl=-Wl,
lt_cv_prog_gnu_ld=yes
lt_cv_sys_global_symbol_pipe='sed -n -e '\''s/^.*[ 	]\([ABCDGISTW][ABCDGISTW]*\)[ 	][ 	]*\(\)\([_A-Za-z][_A-Za-z0-9]*\)$/\1 \2\3 \3/p'\'''
ucsim_cv_CXXfPIC=yes
ucsim_cv_CXXggdb=yes
ucsim_cv_CXXgstabs=yes
ucsim_cv_CXXpipe=yes
ucsim_cv_MM=-MM
ucsim_cv_accept_length_type=socklen_t
ucsim_cv_fd='<sys/types.h>'
ucsim_cv_getcwd=no
ucsim_cv_scanf_a=no

## ----------------- ##
## Output variables. ##
## ----------------- ##

AWK='gawk'
BISON_PLUS_PLUS=':'
CC='gcc'
CFLAGS='-g -O2'
CPP='gcc -E'
CPPFLAGS=''
CURSES_LIBS='-lpanel -lcurses'
CXX='g++'
CXXCPP='g++ -E'
CXXFLAGS='-g -O2 -gstabs+ -g3 -pipe'
DEFS='-DHAVE_CONFIG_H'
DL='-ldl'
ECHO='echo'
ECHO_C=''
ECHO_N='-n'
ECHO_T=''
EGREP='grep -E'
EXEEXT=''
INSTALL_DATA='${INSTALL} -m 644'
INSTALL_PROGRAM='${INSTALL}'
INSTALL_SCRIPT='${INSTALL}'
LDFLAGS=''
LEX='flex'
LEXLIB='-lfl'
LEX_OUTPUT_ROOT='lex.yy'
LIBOBJS=''
LIBS='-lnsl '
LIBTOOL='$(SHELL) $(top_builddir)/libtool'
LIBTOOL_DEPS='./ltmain.sh'
LN_S='ln -s'
LTLIBOBJS=''
M_OR_MM='-MM'
OBJEXT='o'
PACKAGE_BUGREPORT=''
PACKAGE_NAME=''
PACKAGE_STRING=''
PACKAGE_TARNAME=''
PACKAGE_VERSION=''
PATH_SEPARATOR=':'
PICOPT='-fPIC'
RANLIB='ranlib'
SHAREDLIB='yes'
SHELL='/bin/sh'
STRIP='strip'
VERSION='0.5.3'
VERSIONHI='0'
VERSIONLO='5'
VERSIONP='3'
YACC='bison -y'
ac_ct_CC='gcc'
ac_ct_CXX='g++'
ac_ct_RANLIB='ranlib'
ac_ct_STRIP=''
bindir='${exec_prefix}/bin'
build='x86_64-unknown-linux-gnu'
build_alias=''
build_cpu='x86_64'
build_os='linux-gnu'
build_vendor='unknown'
curses_ok='yes'
datadir='${prefix}/share'
dl_ok='yes'
dlso_ok='no'
docdir='${datadir}/sdcc/doc'
enable_51='yes'
enable_avr='yes'
enable_dlso='no'
enable_hc08='yes'
enable_serio='yes'
enable_ucsim='no'
enable_xa='no'
enable_z80='no'
exec_prefix='${prefix}'
host='x86_64-unknown-linux-gnu'
host_alias=''
host_cpu='x86_64'
host_os='linux-gnu'
host_vendor='unknown'
includedir='${prefix}/include'
infodir='${prefix}/info'
libdir='${exec_prefix}/lib'
libexecdir='${exec_prefix}/libexec'
localstatedir='${prefix}/var'
mandir='${prefix}/man'
oldincludedir='/usr/include'
panel_ok='yes'
prefix='/usr/local'
program_transform_name='s,x,x,'
sbindir='${exec_prefix}/sbin'
sharedstatedir='${prefix}/com'
sysconfdir='${prefix}/etc'
target_alias=''

## ----------- ##
## confdefs.h. ##
## ----------- ##

#define ACCEPT_SOCKLEN_T socklen_t
#define FD_HEADER_OK 0
#define FD_HEADER_OK 1
#define FD_NEED_SELECT_H 0
#define FD_NEED_TIME_H 0
#define FD_NEED_TYPES_H 1
#define HAVE_DIRENT_H 1
#define HAVE_DLFCN_H 1
#define HAVE_FGETS 1
#define HAVE_FLEX 1
#define HAVE_GETOPT_H 1
#define HAVE_INTTYPES_H 1
#define HAVE_LIBNSL 1
#define HAVE_MEMCPY 1
#define HAVE_MEMORY_H 1
#define HAVE_STDINT_H 1
#define HAVE_STDLIB_H 1
#define HAVE_STRCAT 1
#define HAVE_STRCHR 1
#define HAVE_STRCMP 1
#define HAVE_STRCPY 1
#define HAVE_STRDUP 1
#define HAVE_STRERROR 1
#define HAVE_STRINGS_H 1
#define HAVE_STRING_H 1
#define HAVE_STRLEN 1
#define HAVE_STRSTR 1
#define HAVE_STRTOK 1
#define HAVE_SYS_SOCKET_H 1
#define HAVE_SYS_STAT_H 1
#define HAVE_SYS_TYPES_H 1
#define HAVE_UNISTD_H 1
#define HAVE_UNISTD_H 1
#define HAVE_VASPRINTF 1
#define HAVE_VPRINTF 1
#define HAVE_VSNPRINTF 1
#define HEADER_FD <sys/types.h>
#define PACKAGE_BUGREPORT ""
#define PACKAGE_NAME ""
#define PACKAGE_STRING ""
#define PACKAGE_TARNAME ""
#define PACKAGE_VERSION ""
#define RETSIGTYPE void
#define SIZEOF_CHAR 1
#define SIZEOF_INT 4
#define SIZEOF_LONG 8
#define SIZEOF_LONG_LONG 8
#define SIZEOF_SHORT 2
#define SOCKET_AVAIL 1
#define SOCKLEN_T socklen_t
#define STATISTIC no
#define STDC_HEADERS 1
#define STDC_HEADERS 1
#define TYPE_BYTE char
#define TYPE_DWORD int
#define TYPE_WORD short
#define VERSIONHI 0
#define VERSIONLO 5
#define VERSIONP 3
#define VERSIONSTR "0.5.3"
#define YYTEXT_POINTER 1
#define _A_ ""
#define _M_ "h"
#endif
#ifdef __cplusplus
extern "C" void exit (int) throw ();

configure: exit 0
